<?xml version="1.0" encoding="UTF-8"?>
<!-- Generated by org.testng.reporters.JUnitXMLReporter -->
<testsuite ignored="5" hostname="DESKTOP-FPPI0PB" failures="0" tests="1" name="Default test" time="7.159" errors="0" timestamp="2021-04-27T22:54:07 IST">
  <testcase classname="com.xcm.testcases.TC01_GetAllEmployeeData" name="checkResponseBody" time="0.091"/>
  <testcase classname="com.xcm.testcases.TC01_GetAllEmployeeData" name="checkResponseTime" time="0.0">
    <ignored/>
  </testcase> <!-- checkResponseTime -->
  <testcase classname="com.xcm.testcases.TC01_GetAllEmployeeData" name="checkStatusCode" time="0.0">
    <ignored/>
  </testcase> <!-- checkStatusCode -->
  <testcase classname="com.xcm.testcases.TC01_GetAllEmployeeData" name="checkcontentEncoding" time="0.0">
    <ignored/>
  </testcase> <!-- checkcontentEncoding -->
  <testcase classname="com.xcm.testcases.TC01_GetAllEmployeeData" name="checkstatusLine" time="0.0">
    <ignored/>
  </testcase> <!-- checkstatusLine -->
  <testcase classname="com.xcm.testcases.TC01_GetAllEmployeeData" name="checkContentType" time="0.0">
    <ignored/>
  </testcase> <!-- checkContentType -->
</testsuite> <!-- Default test -->
