<?xml version="1.0" encoding="UTF-8"?>
<testng-results ignored="5" total="6" passed="1" failed="0" skipped="0">
  <reporter-output>
  </reporter-output>
  <suite started-at="2021-04-27T22:54:00 IST" name="Default suite" finished-at="2021-04-27T22:54:07 IST" duration-ms="7159">
    <groups>
    </groups>
    <test started-at="2021-04-27T22:54:00 IST" name="Default test" finished-at="2021-04-27T22:54:07 IST" duration-ms="7159">
      <class name="com.xcm.testcases.TC01_GetAllEmployeeData">
        <test-method is-config="true" signature="setup()[pri:0, instance:com.xcm.testcases.TC01_GetAllEmployeeData@16a0ee18]" started-at="2021-04-27T22:54:00 IST" name="setup" finished-at="2021-04-27T22:54:00 IST" duration-ms="105" status="PASS">
          <reporter-output>
          </reporter-output>
        </test-method> <!-- setup -->
        <test-method is-config="true" signature="getAllEmployee()[pri:0, instance:com.xcm.testcases.TC01_GetAllEmployeeData@16a0ee18]" started-at="2021-04-27T22:54:00 IST" name="getAllEmployee" finished-at="2021-04-27T22:54:07 IST" duration-ms="6893" status="PASS">
          <reporter-output>
          </reporter-output>
        </test-method> <!-- getAllEmployee -->
        <test-method signature="checkResponseBody()[pri:0, instance:com.xcm.testcases.TC01_GetAllEmployeeData@16a0ee18]" started-at="2021-04-27T22:54:07 IST" name="checkResponseBody" finished-at="2021-04-27T22:54:07 IST" duration-ms="91" status="PASS">
          <reporter-output>
          </reporter-output>
        </test-method> <!-- checkResponseBody -->
        <test-method is-config="true" signature="tearDown()[pri:0, instance:com.xcm.testcases.TC01_GetAllEmployeeData@16a0ee18]" started-at="2021-04-27T22:54:07 IST" name="tearDown" finished-at="2021-04-27T22:54:07 IST" duration-ms="2" status="PASS">
          <reporter-output>
          </reporter-output>
        </test-method> <!-- tearDown -->
      </class> <!-- com.xcm.testcases.TC01_GetAllEmployeeData -->
    </test> <!-- Default test -->
  </suite> <!-- Default suite -->
</testng-results>
